<?xml version="1.0" encoding="UTF-8"?>
<!-- Generated by org.testng.reporters.JUnitXMLReporter -->
<testsuite hostname="DESKTOP-K6E4NV6" failures="0" tests="4" name="Default test" time="66.169" errors="0" timestamp="10 Feb 2020 12:47:23 GMT">
  <testcase classname="com.project.master.e2e.MainPageSuperAdminTest" name="createLocationAdmin" time="3.991"/>
  <testcase classname="com.project.master.e2e.MainPageSuperAdminTest" name="deleteEventAdmin" time="2.653"/>
  <testcase classname="com.project.master.e2e.MainPageSuperAdminTest" name="deleteLocation" time="2.741"/>
  <testcase classname="com.project.master.e2e.MainPageSuperAdminTest" name="deleteUser" time="2.887"/>
</testsuite> <!-- Default test -->
